6001.Ничего лишнего! – вот правило тех, кто 
ценит своё время. 
6002. И бесы творят чудеса. 
6003. Ценна не длинная, но пустая жизнь, а 
наполненная. 
6004. Живёшь лишь тогда, когда есть от этого 
польза. 
6005. Самая независимая – это мысль человека. 
6006. Счастлив тот, чьи желания не выше его 
возможностей. 
6007. Уже исправляется тот, кто прислушивается к 
упрёкам в его адрес. 
6008. Высоко возрос тот, кто уже отказывается от 
собственных удовольствий. 
6009. Общество нас развивает, и оно же нас губит. 
6010. И бездельник за всё заплатит. 
6011. Всякие будни когда-то кончаются, да и 
праздники сменяются буднями, и мы неосознанно живём 
этими переменами. 
6012. На втором Майдане без надобности был 
запущен детонатор ненависти против России, и в 
последствии этот взрыв произошёл в обе стороны. 
6013. Сострадание – это уже непосильное бремя 
для современной молодёжи. 
6014. Советуя здесь как жить, несёшь 
ответственность на небесах. 
6015. Если я, когда ни будь поумнею, люди скажут 
обо мне: «Он никого, никогда не осуждает». 
6016. Любое потерянное время – это потерянная 
возможность хорошего или полезного дела, добра и возможно 
счастья. 
6017. Каждый разумный человек ищет истину, но 
лишь Бог знает какую ему нужно. 
6018. Незнание – прекрасный стимулятор 
познания.  
6019. Шагает по жизни увереннее тот, 
           Чья репутация опережает его. 
6020. Хорошая мысль покидает автора и 
становится достоянием общества. 
6021. Леность – медленное самоубийство души.  
6022. Счастливей тот, мгновенья радости кто 
ловит. 
           Ведь жизнь коротка, а радости ещё 
короче. 
6023. Только совесть приводит в тихое 
пристанище души. 
6024. Научись торопиться, а не делать второпях. 
6025. Русский мужик любит хвастаться 
вывихнутыми мозгами. 
6026. Не дай Бог мне прожить так, чтобы 
обрадовать окружающих своею смертью. 
6027. Любая любовь состоит из маленьких жертв. 
6028. Счастлив может быть тот, кто умеет 
довольствоваться и малым. 
6029. Учение о Боге никогда не состарится, как не 
состарится сам Бог. 
6030. Книга должна быть кладовой разума. 
6031. Хорошо ли мясник понимает суть жизни и 
смерти? 
6032. Любой национализм – эгоизм нации. 
6033. Каждый из нас, без исключения, способен к 
добру, но не каждый эту способность изливает. 
6034. Женщины более склонны болеть мнимыми 
болезнями, чем явными. 
6035. Я – часть толпы и не одинок в одиночестве. 
6036. Деньги лучше советов, ибо их охотней 
принимаем. 
6037. Религия – спасательный круг души. 
6038. Я был бы счастлив жить каждый день моей 
жизни. 
6039. Слова помогают не познать человека, а 
заблудиться в нём 
6040. Сегодня чтение – самое дешёвое из 
развлечений, но стало, к сожалению, не всегда полезное. 
6041. Твои поступки – это зеркало твоих мыслей. 
6042. Богат, владеющий своими мыслями. 
6043. Повторяя себя, начинаешь лишь растворять 
себя. 
6044. Выполни и этот долг: быть радостным. 
6045. Властвуй над добротой и зло погаснет. 
6046. Иногда я отвыкаю от своей старости и с 
трудом возвращаюсь в неё. 
6047. Будущее очень лукаво и нередко подводит 
нас. 
6048. Не суди бездарного, ибо не знаешь: возможно 
он талант. 
6049. По-настоящему беден не тот, кто беден умом, 
а тот, кто беден душой. 
6050. Я и общество уважаю, и не избегаю самого 
себя. 
6051. Тот, кто не перенёс горя, не понимает боли 
от него. 
6052. Пустынножитель добровольно жертвует 
удовольствиями ради лишения возможности грешить. 
6053. Пьяный продаёт свои слова за мысли. 
6054. В хорошей картине нет ничего бесполезного. 
6055. Жизнь, без желаний, не приводит к 
обладанию, но обладания не делают нас счастливее. Может 
не то мы желаем? 
6056. Желаю тебе общаться с добрым, а учиться у 
мудрого. 
6057. Жизнь стоит того, чтобы ради неё жить, а 
жить счастливо лишь ради самого счастья. 
6058. Быть великим среди ничтожных всё же лучше, 
чем низким среди ничтожных. 
6059. Каждый из нас наивен тогда, когда полагает, 
что у него ещё много времени. 
6060. Не имея благодарности за то, что мы уже 
имеем, вечно будем несчастны от того, чего у нас нет. 
6061. К сожалению, есть время, когда подумать уже 
не получается. 
6062. Все наши мысли, страсти, воображения и 
поступки – есть наша душа. 
6063. Боль не так хорошо учит, как время. 
6064. Любой прогноз опирается на прошлое и 
настоящее. 
6065. Учись разумно сомневаться. 
6066. Как часто образованность людям в жизни не 
пригодилась. 
6067. Многого можно достичь умом и силой, но, 
пожалуй, ещё большего можем достичь терпением. 
6068. Клевета – это ночь без рассвета. 
6069. Примеры других нас учат лучше тысячи 
нравоучений. 
6070. Успех – не всегда есть критерий мудрости. 
6071. Чтобы обладать свободою одним необходимо 
её ограничивать у других, ибо, гарантируя 
свободу порядочным, нужно ограничить её преступникам. 
6072. С хорошим другом можно мыслить вслух. 
6073. Гордыня – это, прежде всего, непонимание 
себя. 
6074. Здоровье и жизнерадостность – уже есть 
счастье. 
6075. Многие живут так, как принято, а не свой 
разум велит. 
6076. Многим кажется, что всё разумное должно 
происходить с серьёзным видом. 
6077. Современное телевидение воспитывает 
духовных карликов. 
6078. Хорошо, что есть те, кто постоянно 
стремится к добру, ибо не мало окружают их те, кто не 
могут жить без зла. 
6079. Каждый из нас имеет больше, чем 
заслуживает, но от этого он не бывает счастлив. 
6080. Ожидай добра от других по заслугам, а не по 
собственному желанию. 
6081. Украинская армия, с целью уменьшения зла 
сепаратизма, убивая, увеличивает ещё большее зло. 
6082. Сочувствие – это не только милостыня, но и 
воспитание своей души. 
6083. Стать выше своего времени – удел гения. 
6084. Когда человек честен, он прекрасен и без 
нарядов. 
6085. Не только лгуны не являются теми, кем 
кажутся. 
6086. Далеко ещё не свободен тот, кто презирает 
цепи. 
6087. К сожалению, не все знамениты те, кто этого 
заслуживают. 
6088. Яд мести, который действует не сразу, ещё 
страшней. 
6089. Красота души украсит даже уродливое тело. 
6090. Прежде, чем получить разумный ответ, задай 
разумный вопрос. 
6091. Нравственность должна прививаться с 
рождения, чтобы до смерти с нею жить. 
6092. Излишества прибавляют и лишения. 
6093. Прекрасное зависит от вкуса. 
6094. Гений – это то, чему никогда и никого не 
удалось научить. 
6095. Нет выше морали, чем небо надо мною и 
совесть во мне. 
6096. Не научишься быть счастливым, если не 
научишься быть достойным его. 
6097. Более свободен тот, кто свободен от 
пристрастий. 
6098. Из кривого полена ровного не выстругаешь, 
а из ребёнка ещё можно. 
6099. И твоя, и моя жизнь существуют сами по себе, 
но цели их схожие: подготовиться к Вечности. 
6100. Незнающий страха может стать героем или 
злодеем, в зависимости от того, чего он не боится. 
6101. Небо исправляет землю. 
6102. Демократия не терпит привилегий. 
6103. Рабская жизнь тех, кто живёт со страхом 
смерти (но разумен тот, кто о ней не забывает). 
6104. Разум и совесть должны дополнять друг 
друга. 
6105. Совесть твоя подобна тени твоей: может 
быть спереди от тебя или сзади; больше тебя, или 
меньше, но ты останешься тем же, если не будешь 
воспитывать совесть свою. 
6106. Хоронишь истину, когда находишь в ней 
ошибку. 
6107. Здравый смысл – достояние народа. 
6108. Правда не всегда в большинстве. 
6109. Живёшь только раз. Но как?! 
6110. Трудись над тем, чтобы не много сказать, а 
мало сказать и много выразить. 
6111. Совесть для Человека должна быть на 
первом, на втором и на третьем месте. 
6112. Музыка должна быть для приятных эмоций, а 
не для гнева.  
6113. Деньги – это доброта и жадность, корысть и 
сердечность, мудрость и глупость, вражда и дружба, счастье 
и горе. Несчастные, когда слишком много их, беда, 
когда их вовсе нет. Они так же нужны, как и вредны. 
6114. На ошибках глупцов мудрые учатся. 
6115. Жизнь – мудрая книга, которая многому учит 
тех, кто умеет читать. 
6116. Никогда не будет одиноким тот, в доме у 
кого есть хорошие книги. 
6117. Есть завистники не только добру, но и злу. 
6118. Раскрой душу для добра и будешь Человеком 
во всём. 
6119. Для кого создан этот свет? Для всех нас и 
для каждого из нас. 
6120. Кто участвует в этой жизни, значит живёт. 
6121. Как можно скрывать подлость от Бога, 
который всё знает? Знает даже прежде. Чем ты это 
сделаешь. 
6122. Как не радоваться душе, когда совесть 
чиста. 
6123. Злым стал лишь тот, кто не жил меж Людей. 
6124. Плохих фильмов стало больше не потому, что 
стало больше никудышных авторов, а потому, что стало 
больше посредственных зрителей. 
6125. Чего мне теперь только не хватает, так это 
только не заснуть душой. 
6126. Ребёнок – это сырая глина, которую нужно 
очень осторожно не руками, а сердцем лепить. 
6127. Богатеет душа тогда, когда отдаёшь лишнее 
тому, у кого нет и нужного. 
6128. Наличные деньги ещё не наличное 
достоинство. 
6129. Уму сопутствует добродетель, а без неё ум 
может стать чудовищем. 
6130. Совесть разумного предостережёт от 
наказаний. 
 6131. Счастлив тот, кто к старости сохранил 
чувство радости. 
6132. Народ был мудрее, пока я сам был зелен. 
6133. Разбирайся в подробностях, чтобы понимать 
в целом. 
6134. Порядочность – сестра добродетели. 
6135. И среди дураков бывают герои, но случайно. 
6136. Не падай духом даже когда уже всё 
проиграно. Пока жив, есть ещё надежда. 
6137. Непреодолима лишь смерть. Но она ещё не 
пришла. 
6138. Желать другу счастье – есть настоящая 
дружба. 
6139. Великий злодей, кто знания потребляет во 
зло. 
6140. Заблуждение простительно, когда оно в 
поисках истины, но не простительно, когда упорствует 
только на своём. 
6141. Много путей к познанию истины, но стократ 
больше к заблуждениям. 
6142. Очень боюсь прожить жизнь неправильно, но 
кому известно, как правильно? 
6143. Почитающий себя выше других, возвышает 
себя выше самого себя. 
6144. Жизнь складывается из мельчайших, 
незначительных мелочей, и в какую значимость обращается! 
6145. Жизнь на самом деле проста, но как мы 
умудряемся её усложнить! 
6146. Я смерть ненавижу, хотя она для меня есть 
переход в жизнь вечную. 
6147. Хорошо, когда не ждёшь, а идёшь навстречу 
счастью и оно не смотрит грустно тебе вслед. 
6148. Я – есть жизнь! и смерть, к сожалению, тоже. 
6149. Удаляй в жизни ненужное и успеешь сделать 
главное. 
6150. Время – не джентльмен – не уступит никому. 
6151. Страшный Суд будет и над тобою, хотя и не 
веришь. 
6152. Да, священники подрезают нам крылья 
свободы, но и дают новые крылья независимости от греха. 
6153. О всякий, поднимись над миром, ибо ты 
призван быть выше его! 
6154. Тренируй свой мозг, как и мышцы, чтобы не 
быть ему бессильным. 
6155. Безмолвное зло ещё хуже. 
6156. Безобразит род людской, 
           Кто корыстью дышит. 
6157. Поспешность – погибели сестра. 
6158. Всё, что мире родилось, имело достаточно 
основания и лишь дурь обошлась без неё. 
6159. Время даёт нам мудрость, и оно же его от нас 
отнимает. 
6160. Бедность по бедности души, есть нищета и 
разума. 
6161. Ты несчастен, если мыслишь не так, как 
должен мыслить. 
6162. До конца дней почитай родителей, без 
которых тебя бы не было. 
6163. Ничто так не совершенно, как Бог. И мы это 
забываем. 
6164. Всяк приходит в этот мир неучёный и лучшее 
из учений должны дать родители. 
6165. Лесть – дурной учитель добра. 
6166. Добрый человек всегда найдёт душе 
упражнение. 
6167. Не тот богат, кто имеет много денег, а тот, 
кто умело ими распоряжается. 
6168. Не выслушать хама – вроде бы невежливо, но 
давать ему продолжать хамить – ещё невежестливей. 
6169. Чем больше денег, тем больше они 
размножаются. 
6170. Человек сегодня ест вдвое больше, чем ему 
необходимо, но ему упорно не хочется в это верить. 
6171. Я бы очень хотел прожить жизнь ещё раз, но 
уже без этих ошибок. 
6172. Клади «деньги» в голову. Они там не 
пропадут. 
6173. Леность – мягкая подушка, на которой 
тяжело проснуться. 
6174. Человек – животное, владеющее оружием. 
6175. Показная скромность – есть 
завуалированная гордыня. 
6176. Заплатить за добродетель – значит 
уничтожить её. 
6177. Те, кто недовольны своею судьбой, обычно 
являются сторонними наблюдателями собственной жизни. 
6178. 30% населения нуждаются в милосердии и 70% 
населения не в состоянии его оказать. 
6179. Только к старости начинаешь понимать, что 
всё время в этой жизни я был новичком. 
6180. О, существо разумное! оставайся Человеком 
во всех случаях жизни. 
6181. Дожил до старости, но не жил даже в 
молодости. 
6182. Ценность жизни не в долголетии, а в её 
ценности. 
6183. Вся прелесть жизни в добре и её плодах. 
6184. Разные вещи: доносить правду и заставлять 
верить в неё. 
6185. Бездельник не бывает счастлив, ибо не 
строит его. 
6186. Крепись духом, ибо укрепляя дух, 
укрепляешь волю. Сильный живёт, как хочет, а слабый – как 
может. 
6187. Всякий лентяй является вором, ибо ворует у 
самого себя драгоценное время. 
6188. Существуют те, кто недостоин жить. 
6189.  Пагубно не столько незнание, сколь 
заблуждение, ибо заблуждающийся уверен в своей правоте. 
6190. О чём мудрец немного сожалеет вначале, о 
том дурак много сожалеет в конце. 
6191. Демократия хороша лишь тогда, когда все 
ощущают благо от свободы, а не некоторые за счёт 
других. 
6192. Дух, как и тело, должен питаться. 
6193. Твоя душа воспитывается твоими 
намерениями. 
6194. Против добра и врагу трудно устоять. 
6195. Оскорбляя порядочного человека, 
оскорбляешь себя. 
6196. Ценность женщины в нежности, изящности и 
терпимости. 
6197. Настоящая любовь лишь тогда, когда 
забываешь о себе. 
6198. Не убивай в ребёнке шалуна, ибо и гении с 
этого начинали. 
6199. Ребёнку давайте быть в полной мере 
ребёнком в детстве, чтобы его детство не созрело лишь в 
сединах. 
6200. Глядя на очумелых украинских патриотов, 
начинаешь верить, что человек произошёл от обезьяны, 
причём совсем недавно.
